<?xml version="1.0" encoding="UTF-8"?>
<!-- Generated by org.testng.reporters.JUnitReportReporter -->
<testsuite hostname="LAPTOP-PB0D5KNV" failures="0" tests="1" name="org.test.selenium.FaceBookTest" time="82.230" errors="0" timestamp="2020-02-18T11:13:04 IST" skipped="0">
  <testcase classname="org.test.selenium.FaceBookTest" name="verifyLogin" time="82.230"/>
</testsuite> <!-- org.test.selenium.FaceBookTest -->
